---------------------------------------------------------------
[ 2017-09-28T21:46:07+08:00 ] 127.0.0.1 127.0.0.1 GET /admin/arts/artlist.html
[ info ] wblog.com/admin/arts/artlist.html [运行时间：0.062400s][吞吐率：16.03req/s] [内存消耗：3,540.15kb] [文件加载：65]
[ info ] [ LANG ] E:\history\www\wblog\thinkphp\lang\zh-cn.php
[ info ] [ ROUTE ] array (
  'type' => 'module',
  'module' => 
  array (
    0 => 'admin',
    1 => 'arts',
    2 => 'artlist',
  ),
)
[ info ] [ HEADER ] array (
  'host' => 'wblog.com',
  'user-agent' => 'Mozilla/5.0 (Windows NT 6.1; Win64; x64; rv:55.0) Gecko/20100101 Firefox/55.0',
  'accept' => 'text/html,application/xhtml+xml,application/xml;q=0.9,*/*;q=0.8',
  'accept-language' => 'zh-CN,zh;q=0.8,en-US;q=0.5,en;q=0.3',
  'accept-encoding' => 'gzip, deflate',
  'referer' => 'http://wblog.com/admin/index/index.html',
  'cookie' => 'pgv_pvi=1783815168; PHPSESSID=tb7t6fjm1n7243hrnhd6crrlg5; time=1506601785; id=13; name=6f5d386b734fa7baf39bf7a315c5a1a5; ss=f02d53553cf2fa07ff261a9c60ec88be; adminname=admin; adminss=c1289701c454c18c83aad88a9280bfff',
  'connection' => 'keep-alive',
  'upgrade-insecure-requests' => '1',
  'cache-control' => 'max-age=0',
)
[ info ] [ PARAM ] array (
)
[ info ] [ DB ] INIT mysql
[ info ] [ RUN ] app\admin\controller\Arts->artList[ E:\history\www\wblog\application\admin\controller\Arts.php ]
[ info ] [ VIEW ] E:\history\www\wblog/./application/admin\view\arts\artlist.html [ array (
  0 => 'arts',
  1 => 'cats',
) ]
[ info ] [ LOG ] INIT File
[ sql ] [ DB ] CONNECT:[ UseTime:0.000000s ] mysql:dbname=wblog;host=127.0.0.1;port=3306;charset=utf8
[ sql ] [ SQL ] SHOW COLUMNS FROM `admin` [ RunTime:0.000000s ]
[ sql ] [ SQL ] SELECT * FROM `admin` WHERE  `adminname` = 'admin' LIMIT 1 [ RunTime:0.000000s ]
[ sql ] [ SQL ] SHOW COLUMNS FROM `cats` [ RunTime:0.000000s ]
[ sql ] [ SQL ] SELECT `cat_name` FROM `cats` [ RunTime:0.000000s ]
[ sql ] [ SQL ] SHOW COLUMNS FROM `Arts` [ RunTime:0.000000s ]
[ sql ] [ SQL ] SELECT COUNT(*) AS tp_count FROM `Arts` LIMIT 1 [ RunTime:0.000000s ]
[ sql ] [ SQL ] SELECT `art_id`,`title`,`clicknum`,`comnum`,`update_time`,`cat_id` FROM `Arts` ORDER BY art_id desc LIMIT 0,10 [ RunTime:0.015600s ]
---------------------------------------------------------------
[ 2017-09-28T21:46:42+08:00 ] 127.0.0.1 127.0.0.1 GET /admin/arts/artlist.html
[ info ] wblog.com/admin/arts/artlist.html [运行时间：0.062400s][吞吐率：16.03req/s] [内存消耗：3,292.99kb] [文件加载：63]
[ info ] [ LANG ] E:\history\www\wblog\thinkphp\lang\zh-cn.php
[ info ] [ ROUTE ] array (
  'type' => 'module',
  'module' => 
  array (
    0 => 'admin',
    1 => 'arts',
    2 => 'artlist',
  ),
)
[ info ] [ HEADER ] array (
  'host' => 'wblog.com',
  'user-agent' => 'Mozilla/5.0 (Windows NT 6.1; Win64; x64; rv:55.0) Gecko/20100101 Firefox/55.0',
  'accept' => 'text/html,application/xhtml+xml,application/xml;q=0.9,*/*;q=0.8',
  'accept-language' => 'zh-CN,zh;q=0.8,en-US;q=0.5,en;q=0.3',
  'accept-encoding' => 'gzip, deflate',
  'referer' => 'http://wblog.com/admin/index/index.html',
  'cookie' => 'pgv_pvi=1783815168; PHPSESSID=tb7t6fjm1n7243hrnhd6crrlg5; time=1506601785; id=13; name=6f5d386b734fa7baf39bf7a315c5a1a5; ss=f02d53553cf2fa07ff261a9c60ec88be; adminname=admin; adminss=c1289701c454c18c83aad88a9280bfff',
  'connection' => 'keep-alive',
  'upgrade-insecure-requests' => '1',
  'cache-control' => 'max-age=0',
)
[ info ] [ PARAM ] array (
)
[ info ] [ DB ] INIT mysql
[ info ] [ RUN ] app\admin\controller\Arts->artList[ E:\history\www\wblog\application\admin\controller\Arts.php ]
[ info ] [ VIEW ] E:\history\www\wblog/./application/admin\view\arts\artlist.html [ array (
  0 => 'arts',
  1 => 'cats',
) ]
[ info ] [ LOG ] INIT File
[ sql ] [ DB ] CONNECT:[ UseTime:0.000000s ] mysql:dbname=wblog;host=127.0.0.1;port=3306;charset=utf8
[ sql ] [ SQL ] SHOW COLUMNS FROM `admin` [ RunTime:0.000000s ]
[ sql ] [ SQL ] SELECT * FROM `admin` WHERE  `adminname` = 'admin' LIMIT 1 [ RunTime:0.000000s ]
[ sql ] [ SQL ] SHOW COLUMNS FROM `cats` [ RunTime:0.000000s ]
[ sql ] [ SQL ] SELECT `cat_name` FROM `cats` [ RunTime:0.000000s ]
[ sql ] [ SQL ] SHOW COLUMNS FROM `Arts` [ RunTime:0.000000s ]
[ sql ] [ SQL ] SELECT COUNT(*) AS tp_count FROM `Arts` LIMIT 1 [ RunTime:0.000000s ]
[ sql ] [ SQL ] SELECT `art_id`,`title`,`clicknum`,`comnum`,`update_time`,`cat_id` FROM `Arts` ORDER BY art_id desc LIMIT 0,10 [ RunTime:0.000000s ]
---------------------------------------------------------------
[ 2017-09-28T21:46:44+08:00 ] 127.0.0.1 127.0.0.1 GET /admin/arts/artlist.html
[ info ] wblog.com/admin/arts/artlist.html [运行时间：0.062400s][吞吐率：16.03req/s] [内存消耗：3,292.99kb] [文件加载：63]
[ info ] [ LANG ] E:\history\www\wblog\thinkphp\lang\zh-cn.php
[ info ] [ ROUTE ] array (
  'type' => 'module',
  'module' => 
  array (
    0 => 'admin',
    1 => 'arts',
    2 => 'artlist',
  ),
)
[ info ] [ HEADER ] array (
  'host' => 'wblog.com',
  'user-agent' => 'Mozilla/5.0 (Windows NT 6.1; Win64; x64; rv:55.0) Gecko/20100101 Firefox/55.0',
  'accept' => 'text/html,application/xhtml+xml,application/xml;q=0.9,*/*;q=0.8',
  'accept-language' => 'zh-CN,zh;q=0.8,en-US;q=0.5,en;q=0.3',
  'accept-encoding' => 'gzip, deflate',
  'referer' => 'http://wblog.com/admin/index/index.html',
  'cookie' => 'pgv_pvi=1783815168; PHPSESSID=tb7t6fjm1n7243hrnhd6crrlg5; time=1506601785; id=13; name=6f5d386b734fa7baf39bf7a315c5a1a5; ss=f02d53553cf2fa07ff261a9c60ec88be; adminname=admin; adminss=c1289701c454c18c83aad88a9280bfff',
  'connection' => 'keep-alive',
  'upgrade-insecure-requests' => '1',
  'cache-control' => 'max-age=0',
)
[ info ] [ PARAM ] array (
)
[ info ] [ DB ] INIT mysql
[ info ] [ RUN ] app\admin\controller\Arts->artList[ E:\history\www\wblog\application\admin\controller\Arts.php ]
[ info ] [ VIEW ] E:\history\www\wblog/./application/admin\view\arts\artlist.html [ array (
  0 => 'arts',
  1 => 'cats',
) ]
[ info ] [ LOG ] INIT File
[ sql ] [ DB ] CONNECT:[ UseTime:0.015600s ] mysql:dbname=wblog;host=127.0.0.1;port=3306;charset=utf8
[ sql ] [ SQL ] SHOW COLUMNS FROM `admin` [ RunTime:0.000000s ]
[ sql ] [ SQL ] SELECT * FROM `admin` WHERE  `adminname` = 'admin' LIMIT 1 [ RunTime:0.000000s ]
[ sql ] [ SQL ] SHOW COLUMNS FROM `cats` [ RunTime:0.000000s ]
[ sql ] [ SQL ] SELECT `cat_name` FROM `cats` [ RunTime:0.000000s ]
[ sql ] [ SQL ] SHOW COLUMNS FROM `Arts` [ RunTime:0.000000s ]
[ sql ] [ SQL ] SELECT COUNT(*) AS tp_count FROM `Arts` LIMIT 1 [ RunTime:0.000000s ]
[ sql ] [ SQL ] SELECT `art_id`,`title`,`clicknum`,`comnum`,`update_time`,`cat_id` FROM `Arts` ORDER BY art_id desc LIMIT 0,10 [ RunTime:0.000000s ]
---------------------------------------------------------------
[ 2017-09-28T21:46:52+08:00 ] 127.0.0.1 127.0.0.1 GET /admin/arts/artlist.html
[ info ] wblog.com/admin/arts/artlist.html [运行时间：0.062400s][吞吐率：16.03req/s] [内存消耗：3,292.99kb] [文件加载：63]
[ info ] [ LANG ] E:\history\www\wblog\thinkphp\lang\zh-cn.php
[ info ] [ ROUTE ] array (
  'type' => 'module',
  'module' => 
  array (
    0 => 'admin',
    1 => 'arts',
    2 => 'artlist',
  ),
)
[ info ] [ HEADER ] array (
  'host' => 'wblog.com',
  'user-agent' => 'Mozilla/5.0 (Windows NT 6.1; Win64; x64; rv:55.0) Gecko/20100101 Firefox/55.0',
  'accept' => 'text/html,application/xhtml+xml,application/xml;q=0.9,*/*;q=0.8',
  'accept-language' => 'zh-CN,zh;q=0.8,en-US;q=0.5,en;q=0.3',
  'accept-encoding' => 'gzip, deflate',
  'referer' => 'http://wblog.com/admin/index/index.html',
  'cookie' => 'pgv_pvi=1783815168; PHPSESSID=tb7t6fjm1n7243hrnhd6crrlg5; time=1506601785; id=13; name=6f5d386b734fa7baf39bf7a315c5a1a5; ss=f02d53553cf2fa07ff261a9c60ec88be; adminname=admin; adminss=c1289701c454c18c83aad88a9280bfff',
  'connection' => 'keep-alive',
  'upgrade-insecure-requests' => '1',
  'cache-control' => 'max-age=0',
)
[ info ] [ PARAM ] array (
)
[ info ] [ DB ] INIT mysql
[ info ] [ RUN ] app\admin\controller\Arts->artList[ E:\history\www\wblog\application\admin\controller\Arts.php ]
[ info ] [ VIEW ] E:\history\www\wblog/./application/admin\view\arts\artlist.html [ array (
  0 => 'arts',
  1 => 'cats',
) ]
[ info ] [ LOG ] INIT File
[ sql ] [ DB ] CONNECT:[ UseTime:0.000000s ] mysql:dbname=wblog;host=127.0.0.1;port=3306;charset=utf8
[ sql ] [ SQL ] SHOW COLUMNS FROM `admin` [ RunTime:0.000000s ]
[ sql ] [ SQL ] SELECT * FROM `admin` WHERE  `adminname` = 'admin' LIMIT 1 [ RunTime:0.000000s ]
[ sql ] [ SQL ] SHOW COLUMNS FROM `cats` [ RunTime:0.000000s ]
[ sql ] [ SQL ] SELECT `cat_name` FROM `cats` [ RunTime:0.000000s ]
[ sql ] [ SQL ] SHOW COLUMNS FROM `Arts` [ RunTime:0.015600s ]
[ sql ] [ SQL ] SELECT COUNT(*) AS tp_count FROM `Arts` LIMIT 1 [ RunTime:0.000000s ]
[ sql ] [ SQL ] SELECT `art_id`,`title`,`clicknum`,`comnum`,`update_time`,`cat_id` FROM `Arts` ORDER BY art_id desc LIMIT 0,10 [ RunTime:0.000000s ]
---------------------------------------------------------------
[ 2017-09-28T21:46:53+08:00 ] 127.0.0.1 127.0.0.1 GET /admin/arts/artlist.html
[ info ] wblog.com/admin/arts/artlist.html [运行时间：0.109200s][吞吐率：9.16req/s] [内存消耗：3,292.99kb] [文件加载：63]
[ info ] [ LANG ] E:\history\www\wblog\thinkphp\lang\zh-cn.php
[ info ] [ ROUTE ] array (
  'type' => 'module',
  'module' => 
  array (
    0 => 'admin',
    1 => 'arts',
    2 => 'artlist',
  ),
)
[ info ] [ HEADER ] array (
  'host' => 'wblog.com',
  'user-agent' => 'Mozilla/5.0 (Windows NT 6.1; Win64; x64; rv:55.0) Gecko/20100101 Firefox/55.0',
  'accept' => 'text/html,application/xhtml+xml,application/xml;q=0.9,*/*;q=0.8',
  'accept-language' => 'zh-CN,zh;q=0.8,en-US;q=0.5,en;q=0.3',
  'accept-encoding' => 'gzip, deflate',
  'referer' => 'http://wblog.com/admin/index/index.html',
  'cookie' => 'pgv_pvi=1783815168; PHPSESSID=tb7t6fjm1n7243hrnhd6crrlg5; time=1506601785; id=13; name=6f5d386b734fa7baf39bf7a315c5a1a5; ss=f02d53553cf2fa07ff261a9c60ec88be; adminname=admin; adminss=c1289701c454c18c83aad88a9280bfff',
  'connection' => 'keep-alive',
  'upgrade-insecure-requests' => '1',
  'cache-control' => 'max-age=0',
)
[ info ] [ PARAM ] array (
)
[ info ] [ DB ] INIT mysql
[ info ] [ RUN ] app\admin\controller\Arts->artList[ E:\history\www\wblog\application\admin\controller\Arts.php ]
[ info ] [ VIEW ] E:\history\www\wblog/./application/admin\view\arts\artlist.html [ array (
  0 => 'arts',
  1 => 'cats',
) ]
[ info ] [ LOG ] INIT File
[ sql ] [ DB ] CONNECT:[ UseTime:0.015600s ] mysql:dbname=wblog;host=127.0.0.1;port=3306;charset=utf8
[ sql ] [ SQL ] SHOW COLUMNS FROM `admin` [ RunTime:0.000000s ]
[ sql ] [ SQL ] SELECT * FROM `admin` WHERE  `adminname` = 'admin' LIMIT 1 [ RunTime:0.000000s ]
[ sql ] [ SQL ] SHOW COLUMNS FROM `cats` [ RunTime:0.000000s ]
[ sql ] [ SQL ] SELECT `cat_name` FROM `cats` [ RunTime:0.000000s ]
[ sql ] [ SQL ] SHOW COLUMNS FROM `Arts` [ RunTime:0.031200s ]
[ sql ] [ SQL ] SELECT COUNT(*) AS tp_count FROM `Arts` LIMIT 1 [ RunTime:0.000000s ]
[ sql ] [ SQL ] SELECT `art_id`,`title`,`clicknum`,`comnum`,`update_time`,`cat_id` FROM `Arts` ORDER BY art_id desc LIMIT 0,10 [ RunTime:0.000000s ]
---------------------------------------------------------------
[ 2017-09-28T21:46:57+08:00 ] 127.0.0.1 127.0.0.1 GET /admin/arts/artlist.html
[ info ] wblog.com/admin/arts/artlist.html [运行时间：0.062400s][吞吐率：16.03req/s] [内存消耗：3,292.99kb] [文件加载：63]
[ info ] [ LANG ] E:\history\www\wblog\thinkphp\lang\zh-cn.php
[ info ] [ ROUTE ] array (
  'type' => 'module',
  'module' => 
  array (
    0 => 'admin',
    1 => 'arts',
    2 => 'artlist',
  ),
)
[ info ] [ HEADER ] array (
  'host' => 'wblog.com',
  'user-agent' => 'Mozilla/5.0 (Windows NT 6.1; Win64; x64; rv:55.0) Gecko/20100101 Firefox/55.0',
  'accept' => 'text/html,application/xhtml+xml,application/xml;q=0.9,*/*;q=0.8',
  'accept-language' => 'zh-CN,zh;q=0.8,en-US;q=0.5,en;q=0.3',
  'accept-encoding' => 'gzip, deflate',
  'referer' => 'http://wblog.com/admin/index/index.html',
  'cookie' => 'pgv_pvi=1783815168; PHPSESSID=tb7t6fjm1n7243hrnhd6crrlg5; time=1506601785; id=13; name=6f5d386b734fa7baf39bf7a315c5a1a5; ss=f02d53553cf2fa07ff261a9c60ec88be; adminname=admin; adminss=c1289701c454c18c83aad88a9280bfff',
  'connection' => 'keep-alive',
  'upgrade-insecure-requests' => '1',
  'cache-control' => 'max-age=0',
)
[ info ] [ PARAM ] array (
)
[ info ] [ DB ] INIT mysql
[ info ] [ RUN ] app\admin\controller\Arts->artList[ E:\history\www\wblog\application\admin\controller\Arts.php ]
[ info ] [ VIEW ] E:\history\www\wblog/./application/admin\view\arts\artlist.html [ array (
  0 => 'arts',
  1 => 'cats',
) ]
[ info ] [ LOG ] INIT File
[ sql ] [ DB ] CONNECT:[ UseTime:0.000000s ] mysql:dbname=wblog;host=127.0.0.1;port=3306;charset=utf8
[ sql ] [ SQL ] SHOW COLUMNS FROM `admin` [ RunTime:0.000000s ]
[ sql ] [ SQL ] SELECT * FROM `admin` WHERE  `adminname` = 'admin' LIMIT 1 [ RunTime:0.000000s ]
[ sql ] [ SQL ] SHOW COLUMNS FROM `cats` [ RunTime:0.000000s ]
[ sql ] [ SQL ] SELECT `cat_name` FROM `cats` [ RunTime:0.000000s ]
[ sql ] [ SQL ] SHOW COLUMNS FROM `Arts` [ RunTime:0.000000s ]
[ sql ] [ SQL ] SELECT COUNT(*) AS tp_count FROM `Arts` LIMIT 1 [ RunTime:0.000000s ]
[ sql ] [ SQL ] SELECT `art_id`,`title`,`clicknum`,`comnum`,`update_time`,`cat_id` FROM `Arts` ORDER BY art_id desc LIMIT 0,10 [ RunTime:0.000000s ]
---------------------------------------------------------------
[ 2017-09-28T21:46:58+08:00 ] 127.0.0.1 127.0.0.1 GET /admin/cats/catadd.html
[ info ] wblog.com/admin/cats/catadd.html [运行时间：0.062400s][吞吐率：16.03req/s] [内存消耗：3,240.24kb] [文件加载：59]
[ info ] [ LANG ] E:\history\www\wblog\thinkphp\lang\zh-cn.php
[ info ] [ ROUTE ] array (
  'type' => 'module',
  'module' => 
  array (
    0 => 'admin',
    1 => 'cats',
    2 => 'catadd',
  ),
)
[ info ] [ HEADER ] array (
  'host' => 'wblog.com',
  'user-agent' => 'Mozilla/5.0 (Windows NT 6.1; Win64; x64; rv:55.0) Gecko/20100101 Firefox/55.0',
  'accept' => 'text/html,application/xhtml+xml,application/xml;q=0.9,*/*;q=0.8',
  'accept-language' => 'zh-CN,zh;q=0.8,en-US;q=0.5,en;q=0.3',
  'accept-encoding' => 'gzip, deflate',
  'referer' => 'http://wblog.com/admin/arts/artlist.html',
  'cookie' => 'pgv_pvi=1783815168; PHPSESSID=tb7t6fjm1n7243hrnhd6crrlg5; time=1506601785; id=13; name=6f5d386b734fa7baf39bf7a315c5a1a5; ss=f02d53553cf2fa07ff261a9c60ec88be; adminname=admin; adminss=c1289701c454c18c83aad88a9280bfff',
  'connection' => 'keep-alive',
  'upgrade-insecure-requests' => '1',
)
[ info ] [ PARAM ] array (
)
[ info ] [ DB ] INIT mysql
[ info ] [ RUN ] app\admin\controller\Cats->catAdd[ E:\history\www\wblog\application\admin\controller\Cats.php ]
[ info ] [ VIEW ] E:\history\www\wblog/./application/admin\view\cats\catadd.html [ array (
) ]
[ info ] [ SESSION ] INIT array (
  'id' => '',
  'var_session_id' => '',
  'prefix' => 'think',
  'type' => '',
  'auto_start' => true,
)
[ info ] [ LOG ] INIT File
[ sql ] [ DB ] CONNECT:[ UseTime:0.000000s ] mysql:dbname=wblog;host=127.0.0.1;port=3306;charset=utf8
[ sql ] [ SQL ] SHOW COLUMNS FROM `admin` [ RunTime:0.000000s ]
[ sql ] [ SQL ] SELECT * FROM `admin` WHERE  `adminname` = 'admin' LIMIT 1 [ RunTime:0.000000s ]
---------------------------------------------------------------
[ 2017-09-28T21:46:59+08:00 ] 127.0.0.1 127.0.0.1 GET /admin/index/index.html
[ info ] wblog.com/admin/index/index.html [运行时间：0.062400s][吞吐率：16.03req/s] [内存消耗：2,889.52kb] [文件加载：57]
[ info ] [ LANG ] E:\history\www\wblog\thinkphp\lang\zh-cn.php
[ info ] [ ROUTE ] array (
  'type' => 'module',
  'module' => 
  array (
    0 => 'admin',
    1 => 'index',
    2 => 'index',
  ),
)
[ info ] [ HEADER ] array (
  'host' => 'wblog.com',
  'user-agent' => 'Mozilla/5.0 (Windows NT 6.1; Win64; x64; rv:55.0) Gecko/20100101 Firefox/55.0',
  'accept' => 'text/html,application/xhtml+xml,application/xml;q=0.9,*/*;q=0.8',
  'accept-language' => 'zh-CN,zh;q=0.8,en-US;q=0.5,en;q=0.3',
  'accept-encoding' => 'gzip, deflate',
  'referer' => 'http://wblog.com/admin/cats/catadd.html',
  'cookie' => 'pgv_pvi=1783815168; PHPSESSID=tb7t6fjm1n7243hrnhd6crrlg5; time=1506601785; id=13; name=6f5d386b734fa7baf39bf7a315c5a1a5; ss=f02d53553cf2fa07ff261a9c60ec88be; adminname=admin; adminss=c1289701c454c18c83aad88a9280bfff',
  'connection' => 'keep-alive',
  'upgrade-insecure-requests' => '1',
)
[ info ] [ PARAM ] array (
)
[ info ] [ RUN ] app\admin\controller\Index->index[ E:\history\www\wblog\application\admin\controller\Index.php ]
[ info ] [ DB ] INIT mysql
[ info ] [ LOG ] INIT File
[ sql ] [ DB ] CONNECT:[ UseTime:0.015600s ] mysql:dbname=wblog;host=127.0.0.1;port=3306;charset=utf8
[ sql ] [ SQL ] SHOW COLUMNS FROM `admin` [ RunTime:0.000000s ]
[ sql ] [ SQL ] SELECT * FROM `admin` WHERE  `adminname` = 'admin' LIMIT 1 [ RunTime:0.000000s ]
[ sql ] [ SQL ] SHOW COLUMNS FROM `cats` [ RunTime:0.000000s ]
[ sql ] [ SQL ] SELECT COUNT(*) AS tp_count FROM `cats` LIMIT 1 [ RunTime:0.000000s ]
[ sql ] [ SQL ] SELECT * FROM `cats` ORDER BY cat_id desc LIMIT 0,10 [ RunTime:0.000000s ]
[ error ] [8]Use of undefined constant cats - assumed 'cats'[E:\history\www\wblog\application\admin\controller\Index.php:18]
---------------------------------------------------------------
[ 2017-09-28T21:49:44+08:00 ] 127.0.0.1 127.0.0.1 GET /admin/index/index.html
[ sql ] [ DB ] CONNECT:[ UseTime:0.012000s ] mysql:dbname=wblog;host=127.0.0.1;port=3306;charset=utf8
[ sql ] [ SQL ] SHOW COLUMNS FROM `admin` [ RunTime:0.002000s ]
[ sql ] [ SQL ] SELECT * FROM `admin` WHERE  `adminname` = 'admin' LIMIT 1 [ RunTime:0.000000s ]
[ sql ] [ SQL ] SHOW COLUMNS FROM `cats` [ RunTime:0.001000s ]
[ sql ] [ SQL ] SELECT COUNT(*) AS tp_count FROM `cats` LIMIT 1 [ RunTime:0.001000s ]
[ sql ] [ SQL ] SELECT * FROM `cats` ORDER BY cat_id desc LIMIT 0,10 [ RunTime:0.001000s ]
[ error ] [8]Use of undefined constant cats - assumed 'cats'
---------------------------------------------------------------
[ 2017-09-28T21:49:58+08:00 ] 127.0.0.1 127.0.0.1 GET /admin/index/index.html
[ sql ] [ DB ] CONNECT:[ UseTime:0.002000s ] mysql:dbname=wblog;host=127.0.0.1;port=3306;charset=utf8
[ sql ] [ SQL ] SHOW COLUMNS FROM `admin` [ RunTime:0.001000s ]
[ sql ] [ SQL ] SELECT * FROM `admin` WHERE  `adminname` = 'admin' LIMIT 1 [ RunTime:0.000000s ]
[ sql ] [ SQL ] SHOW COLUMNS FROM `cats` [ RunTime:0.001000s ]
[ sql ] [ SQL ] SELECT COUNT(*) AS tp_count FROM `cats` LIMIT 1 [ RunTime:0.001000s ]
[ sql ] [ SQL ] SELECT * FROM `cats` ORDER BY cat_id desc LIMIT 0,10 [ RunTime:0.001000s ]
